SF:lib/features/items/presentation/bloc/items_cubit.dart
DA:10,3
DA:12,1
DA:13,2
DA:16,2
DA:17,4
DA:19,2
DA:21,0
DA:25,1
DA:26,2
DA:27,1
DA:28,1
DA:29,6
DA:30,1
DA:32,2
DA:36,0
DA:37,0
DA:38,0
DA:41,0
DA:44,0
DA:45,0
DA:46,0
DA:49,0
DA:52,0
DA:53,0
DA:54,0
DA:57,0
DA:59,0
DA:61,0
DA:62,0
DA:65,0
LF:30
LH:13
end_of_record
SF:lib/features/items/presentation/bloc/items_state.dart
DA:5,1
DA:7,0
DA:8,0
DA:21,1
DA:28,1
DA:29,1
DA:30,1
DA:31,0
DA:32,0
DA:33,1
DA:37,1
DA:38,5
DA:44,0
DA:46,0
DA:47,0
LF:15
LH:8
end_of_record
SF:lib/features/items/domain/entities/item.dart
DA:11,3
DA:20,0
DA:21,0
DA:22,0
DA:23,0
DA:24,0
DA:25,0
DA:26,0
DA:27,0
DA:31,0
DA:32,0
LF:11
LH:1
end_of_record
SF:lib/features/items/domain/usecases/get_items_usecase.dart
DA:7,2
DA:9,2
DA:10,4
LF:3
LH:3
end_of_record
SF:lib/features/items/domain/usecases/toggle_favorite_usecase.dart
DA:6,1
DA:8,0
DA:9,0
LF:3
LH:1
end_of_record
SF:lib/features/items/data/datasources/items_api_datasource.dart
DA:11,1
DA:13,1
DA:16,1
DA:19,1
DA:22,2
DA:23,1
DA:26,2
DA:27,1
DA:28,1
DA:29,2
DA:30,1
DA:31,5
DA:33,1
DA:35,1
DA:37,0
DA:38,0
DA:42,1
DA:43,1
DA:44,5
DA:47,1
DA:49,1
DA:51,1
DA:53,0
LF:23
LH:20
end_of_record
SF:lib/features/items/data/models/item_model.dart
DA:17,1
DA:25,0
DA:27,0
DA:29,1
DA:30,1
DA:31,1
DA:32,1
DA:34,2
DA:35,1
DA:36,1
DA:40,0
DA:41,0
LF:12
LH:8
end_of_record
SF:lib/features/items/data/models/item_model.g.dart
DA:9,0
DA:10,0
DA:11,0
DA:12,0
DA:13,0
DA:14,0
DA:17,0
DA:18,0
DA:19,0
DA:20,0
DA:21,0
DA:22,0
LF:12
LH:0
end_of_record
